{"timestamp":"2025-02-17T09:36:00.763Z","method":"GET","path":"/send-otp","query":{"to":"skoegle369@gmail.com"},"status":200,"duration":"3794ms","userAgent":"PostmanRuntime/7.43.0","ip":"::1","owner":"ManojGowda89"}
{"timestamp":"2025-02-17T09:36:12.333Z","method":"GET","path":"/send-otp","query":{"to":"skoegle369@gmail.com"},"status":200,"duration":"734ms","userAgent":"PostmanRuntime/7.43.0","ip":"::1","owner":"ManojGowda89"}
{"timestamp":"2025-02-17T09:41:44.063Z","method":"GET","path":"/send-otp","query":{"to":"skoegle369@gmail.com"},"status":200,"duration":"1410ms","userAgent":"PostmanRuntime/7.43.0","ip":"::1","owner":"ManojGowda89"}
{"timestamp":"2025-02-17T09:41:46.623Z","method":"GET","path":"/send-otp","query":{"to":"skoegle369@gmail.com"},"status":200,"duration":"584ms","userAgent":"PostmanRuntime/7.43.0","ip":"::1","owner":"ManojGowda89"}
{"timestamp":"2025-02-17T09:44:02.501Z","method":"POST","path":"/send-email","query":{},"status":404,"duration":"3ms","userAgent":"PostmanRuntime/7.43.0","ip":"::1","owner":"anonymous"}
{"timestamp":"2025-02-17T09:45:08.196Z","method":"POST","path":"/verify-otp","query":{},"status":404,"duration":"3ms","userAgent":"PostmanRuntime/7.43.0","ip":"::1","owner":"anonymous"}
{"timestamp":"2025-02-17T09:48:13.928Z","method":"GET","path":"/send-otp","query":{"to":"skoegle369@gmail.com"},"status":200,"duration":"1481ms","userAgent":"PostmanRuntime/7.43.0","ip":"::1","owner":"ManojGowda89"}
{"timestamp":"2025-02-17T09:48:41.898Z","method":"POST","path":"/send-custom-mail","query":{"to":"skoegle369@gmail.com"},"status":200,"duration":"574ms","userAgent":"PostmanRuntime/7.43.0","ip":"::1","owner":"ManojGowda89"}
{"timestamp":"2025-02-17T09:50:05.333Z","method":"GET","path":"/status","query":{"email":"manojgowdabr89@gmail.com"},"status":200,"duration":"2ms","userAgent":"PostmanRuntime/7.43.0","ip":"::1","owner":"ManojGowda89"}
{"timestamp":"2025-02-17T09:50:38.897Z","method":"GET","path":"/health","query":{},"status":200,"duration":"2ms","userAgent":"PostmanRuntime/7.43.0","ip":"::1","owner":"ManojGowda89"}
{"timestamp":"2025-02-17T09:51:29.276Z","method":"GET","path":"/health","query":{},"status":200,"duration":"5ms","userAgent":"PostmanRuntime/7.43.0","ip":"::1","owner":"ManojGowda89"}
{"timestamp":"2025-02-17T09:51:39.319Z","method":"GET","path":"/send-otp","query":{"to":"skoegle369@gmail.com"},"status":403,"duration":"2ms","userAgent":"PostmanRuntime/7.43.0","ip":"::1","owner":"anonymous"}
{"timestamp":"2025-02-17T10:25:21.853Z","method":"GET","path":"/send-otp","query":{"to":"skoegle369@gmail.com"},"status":401,"duration":"41ms","userAgent":"PostmanRuntime/7.43.0","ip":"::1","owner":"anonymous"}
{"timestamp":"2025-02-17T10:25:29.227Z","method":"GET","path":"/send-otp","query":{"to":"skoegle369@gmail.com"},"status":200,"duration":"1394ms","userAgent":"PostmanRuntime/7.43.0","ip":"::1","owner":"ManojGowda89"}
{"timestamp":"2025-02-17T10:25:51.527Z","method":"GET","path":"/send-otp","query":{"to":"skoegle369@gmail.com"},"status":200,"duration":"716ms","userAgent":"PostmanRuntime/7.43.0","ip":"::1","owner":"Skoegle"}
{"timestamp":"2025-02-17T10:30:55.127Z","method":"GET","path":"/send-otp","query":{"to":"skoegle369@gmail.com"},"status":200,"duration":"1268ms","userAgent":"PostmanRuntime/7.43.0","ip":"::1","owner":"Skoegle"}
{"timestamp":"2025-02-17T10:30:57.415Z","method":"GET","path":"/send-otp","query":{"to":"skoegle369@gmail.com"},"status":200,"duration":"706ms","userAgent":"PostmanRuntime/7.43.0","ip":"::1","owner":"Skoegle"}
{"timestamp":"2025-02-17T10:30:58.921Z","method":"GET","path":"/send-otp","query":{"to":"skoegle369@gmail.com"},"status":200,"duration":"628ms","userAgent":"PostmanRuntime/7.43.0","ip":"::1","owner":"Skoegle"}
{"timestamp":"2025-02-17T10:31:00.227Z","method":"GET","path":"/send-otp","query":{"to":"skoegle369@gmail.com"},"status":200,"duration":"550ms","userAgent":"PostmanRuntime/7.43.0","ip":"::1","owner":"Skoegle"}
{"timestamp":"2025-02-17T10:31:01.554Z","method":"GET","path":"/send-otp","query":{"to":"skoegle369@gmail.com"},"status":200,"duration":"591ms","userAgent":"PostmanRuntime/7.43.0","ip":"::1","owner":"Skoegle"}
{"timestamp":"2025-02-17T10:31:03.019Z","method":"GET","path":"/send-otp","query":{"to":"skoegle369@gmail.com"},"status":200,"duration":"564ms","userAgent":"PostmanRuntime/7.43.0","ip":"::1","owner":"Skoegle"}
{"timestamp":"2025-02-17T10:31:04.436Z","method":"GET","path":"/send-otp","query":{"to":"skoegle369@gmail.com"},"status":200,"duration":"609ms","userAgent":"PostmanRuntime/7.43.0","ip":"::1","owner":"Skoegle"}
{"timestamp":"2025-02-17T10:31:05.737Z","method":"GET","path":"/send-otp","query":{"to":"skoegle369@gmail.com"},"status":200,"duration":"578ms","userAgent":"PostmanRuntime/7.43.0","ip":"::1","owner":"Skoegle"}
{"timestamp":"2025-02-17T10:31:07.058Z","method":"GET","path":"/send-otp","query":{"to":"skoegle369@gmail.com"},"status":200,"duration":"545ms","userAgent":"PostmanRuntime/7.43.0","ip":"::1","owner":"Skoegle"}
{"timestamp":"2025-02-17T10:31:08.295Z","method":"GET","path":"/send-otp","query":{"to":"skoegle369@gmail.com"},"status":429,"duration":"1ms","userAgent":"PostmanRuntime/7.43.0","ip":"::1","owner":"Skoegle"}
{"timestamp":"2025-02-17T10:31:09.839Z","method":"GET","path":"/send-otp","query":{"to":"skoegle369@gmail.com"},"status":429,"duration":"3ms","userAgent":"PostmanRuntime/7.43.0","ip":"::1","owner":"Skoegle"}
{"timestamp":"2025-02-17T10:31:10.755Z","method":"GET","path":"/send-otp","query":{"to":"skoegle369@gmail.com"},"status":429,"duration":"1ms","userAgent":"PostmanRuntime/7.43.0","ip":"::1","owner":"Skoegle"}
{"timestamp":"2025-02-17T10:31:11.528Z","method":"GET","path":"/send-otp","query":{"to":"skoegle369@gmail.com"},"status":429,"duration":"2ms","userAgent":"PostmanRuntime/7.43.0","ip":"::1","owner":"Skoegle"}
{"timestamp":"2025-02-17T10:31:12.185Z","method":"GET","path":"/send-otp","query":{"to":"skoegle369@gmail.com"},"status":429,"duration":"1ms","userAgent":"PostmanRuntime/7.43.0","ip":"::1","owner":"Skoegle"}
{"timestamp":"2025-02-17T10:31:12.968Z","method":"GET","path":"/send-otp","query":{"to":"skoegle369@gmail.com"},"status":429,"duration":"2ms","userAgent":"PostmanRuntime/7.43.0","ip":"::1","owner":"Skoegle"}
{"timestamp":"2025-02-17T10:31:18.502Z","method":"GET","path":"/send-otp","query":{"to":"skoegle369@gmail.com"},"status":429,"duration":"1ms","userAgent":"PostmanRuntime/7.43.0","ip":"::1","owner":"Skoegle"}
{"timestamp":"2025-02-17T10:31:27.311Z","method":"GET","path":"/send-otp","query":{"to":"skoegle369@gmail.com"},"status":429,"duration":"1ms","userAgent":"PostmanRuntime/7.43.0","ip":"::1","owner":"Skoegle"}
{"timestamp":"2025-02-17T10:32:15.669Z","method":"POST","path":"/verify-otp","query":{},"status":404,"duration":"1ms","userAgent":"PostmanRuntime/7.43.0","ip":"::1","owner":"anonymous"}
{"timestamp":"2025-02-17T10:32:41.823Z","method":"GET","path":"/verify-otp","query":{"to":"skoegle369@gmail.com"},"status":401,"duration":"1ms","userAgent":"PostmanRuntime/7.43.0","ip":"::1","owner":"anonymous"}
{"timestamp":"2025-02-17T10:32:49.875Z","method":"GET","path":"/verify-otp","query":{"to":"skoegle369@gmail.com"},"status":400,"duration":"0ms","userAgent":"PostmanRuntime/7.43.0","ip":"::1","owner":"Skoegle"}
{"timestamp":"2025-02-17T10:32:53.624Z","method":"GET","path":"/verify-otp","query":{"to":"skoegle369@gmail.com"},"status":400,"duration":"1ms","userAgent":"PostmanRuntime/7.43.0","ip":"::1","owner":"Skoegle"}
{"timestamp":"2025-02-17T10:33:33.512Z","method":"GET","path":"/verify-otp","query":{"to":"skoegle369@gmail.com","otp":"565656"},"status":400,"duration":"1ms","userAgent":"PostmanRuntime/7.43.0","ip":"::1","owner":"Skoegle"}
{"timestamp":"2025-02-17T10:33:36.015Z","method":"GET","path":"/verify-otp","query":{"to":"skoegle369@gmail.com","otp":"565656"},"status":400,"duration":"1ms","userAgent":"PostmanRuntime/7.43.0","ip":"::1","owner":"Skoegle"}
{"timestamp":"2025-02-17T10:33:36.988Z","method":"GET","path":"/verify-otp","query":{"to":"skoegle369@gmail.com","otp":"565656"},"status":400,"duration":"1ms","userAgent":"PostmanRuntime/7.43.0","ip":"::1","owner":"Skoegle"}
{"timestamp":"2025-02-17T10:33:37.782Z","method":"GET","path":"/verify-otp","query":{"to":"skoegle369@gmail.com","otp":"565656"},"status":400,"duration":"1ms","userAgent":"PostmanRuntime/7.43.0","ip":"::1","owner":"Skoegle"}
{"timestamp":"2025-02-17T10:33:40.507Z","method":"GET","path":"/verify-otp","query":{"to":"skoegle369@gmail.com","otp":"565656"},"status":400,"duration":"3ms","userAgent":"PostmanRuntime/7.43.0","ip":"::1","owner":"Skoegle"}
{"timestamp":"2025-02-17T10:34:53.453Z","method":"GET","path":"/verify-otp","query":{"to":"skoegle369@gmail.com","otp":"565656"},"status":400,"duration":"1ms","userAgent":"PostmanRuntime/7.43.0","ip":"::1","owner":"Skoegle"}
{"timestamp":"2025-02-17T10:34:57.423Z","method":"GET","path":"/send-otp","query":{"to":"skoegle369@gmail.com"},"status":429,"duration":"1ms","userAgent":"PostmanRuntime/7.43.0","ip":"::1","owner":"Skoegle"}
{"timestamp":"2025-02-17T10:35:05.687Z","method":"GET","path":"/send-otp","query":{"to":"skoegle369@gmail.com"},"status":200,"duration":"626ms","userAgent":"PostmanRuntime/7.43.0","ip":"::1","owner":"Skoegle"}
{"timestamp":"2025-02-17T10:35:09.625Z","method":"GET","path":"/verify-otp","query":{"to":"skoegle369@gmail.com","otp":"565656"},"status":400,"duration":"2ms","userAgent":"PostmanRuntime/7.43.0","ip":"::1","owner":"Skoegle"}
{"timestamp":"2025-02-17T10:35:28.675Z","method":"GET","path":"/verify-otp","query":{"to":"skoegle369@gmail.com","otp":"565656"},"status":400,"duration":"1ms","userAgent":"PostmanRuntime/7.43.0","ip":"::1","owner":"Skoegle"}
{"timestamp":"2025-02-17T10:49:03.392Z","method":"GET","path":"/send-otp","query":{"to":"skoegle369@gmail.com"},"status":200,"duration":"1356ms","userAgent":"PostmanRuntime/7.43.0","ip":"::1","owner":"Skoegle"}
{"timestamp":"2025-02-17T10:49:26.991Z","method":"GET","path":"/send-otp","query":{"to":"manojgowdabr89@gmail.com"},"status":200,"duration":"660ms","userAgent":"PostmanRuntime/7.43.0","ip":"::1","owner":"Skoegle"}
