{"timestamp":"2025-02-18T03:29:44.409Z","method":"GET","path":"/logs","query":{},"status":403,"duration":"20ms","userAgent":"PostmanRuntime/7.43.0","ip":"::1","owner":"anonymous"}
{"timestamp":"2025-02-18T03:30:23.552Z","method":"GET","path":"/logs","query":{},"status":200,"duration":"7ms","userAgent":"PostmanRuntime/7.43.0","ip":"::1","owner":"Skoegle"}
{"timestamp":"2025-02-18T03:30:35.024Z","method":"GET","path":"/logs","query":{},"status":200,"duration":"4ms","userAgent":"PostmanRuntime/7.43.0","ip":"::1","owner":"Skoegle"}
{"timestamp":"2025-02-18T03:31:27.443Z","method":"GET","path":"/send-otp","query":{"to":"raghunandanh3507@gmail.com"},"status":200,"duration":"2108ms","userAgent":"PostmanRuntime/7.43.0","ip":"::1","owner":"Skoegle"}
{"timestamp":"2025-02-18T03:32:20.208Z","method":"GET","path":"/logs","query":{"to":"raghunandanh3507@gmail.com","otp":"630535"},"status":200,"duration":"2ms","userAgent":"PostmanRuntime/7.43.0","ip":"::1","owner":"Skoegle"}
{"timestamp":"2025-02-18T03:32:29.344Z","method":"GET","path":"/logs","query":{"to":"raghunandanh3507@gmail.com","otp":"630535"},"status":200,"duration":"13ms","userAgent":"PostmanRuntime/7.43.0","ip":"::1","owner":"Skoegle"}
{"timestamp":"2025-02-18T03:32:58.005Z","method":"GET","path":"/verify-otp","query":{"to":"raghunandanh3507@gmail.com","otp":"630535"},"status":400,"duration":"1ms","userAgent":"PostmanRuntime/7.43.0","ip":"::1","owner":"Skoegle"}
{"timestamp":"2025-02-18T03:33:44.353Z","method":"GET","path":"/verify-otp","query":{"to":"raghunandanh3507@gmail.com","otp":"630533"},"status":200,"duration":"2ms","userAgent":"PostmanRuntime/7.43.0","ip":"::1","owner":"Skoegle"}
{"timestamp":"2025-02-18T03:38:47.858Z","method":"GET","path":"/send-otp","query":{"to":"manojgowdabr89@gmail.com","username":"Manoj"},"status":200,"duration":"1300ms","userAgent":"PostmanRuntime/7.43.0","ip":"::1","owner":"Skoegle"}
{"timestamp":"2025-02-18T03:39:24.958Z","method":"GET","path":"/verify-otp","query":{"to":"raghunandanh3507@gmail.com","otp":"516761"},"status":400,"duration":"1ms","userAgent":"PostmanRuntime/7.43.0","ip":"::1","owner":"Skoegle"}
{"timestamp":"2025-02-18T03:39:44.739Z","method":"GET","path":"/verify-otp","query":{"to":"manojgowdabr89@gmail.com","otp":"516761"},"status":200,"duration":"2ms","userAgent":"PostmanRuntime/7.43.0","ip":"::1","owner":"Skoegle"}
{"timestamp":"2025-02-18T03:43:26.036Z","method":"GET","path":"/send-otp","query":{"to":"manojgowdabr89@gmail.com","username":"Manoj"},"status":200,"duration":"692ms","userAgent":"PostmanRuntime/7.43.0","ip":"::1","owner":"Skoegle"}
{"timestamp":"2025-02-18T03:45:13.589Z","method":"GET","path":"/verify-otp","query":{"to":"manojgowdabr89@gmail.com","otp":"777724"},"status":400,"duration":"2ms","userAgent":"PostmanRuntime/7.43.0","ip":"::1","owner":"Skoegle"}
{"timestamp":"2025-02-18T03:46:22.444Z","method":"GET","path":"/verify-otp","query":{"to":"manojgowdabr89@gmail.com","otp":"777724"},"status":400,"duration":"6ms","userAgent":"PostmanRuntime/7.43.0","ip":"::1","owner":"Skoegle"}
{"timestamp":"2025-02-18T03:48:15.056Z","method":"GET","path":"/send-otp","query":{"to":"manojgowdabr89@gmail.com"},"status":200,"duration":"1549ms","userAgent":"PostmanRuntime/7.43.0","ip":"::1","owner":"Skoegle"}
{"timestamp":"2025-02-18T03:48:38.254Z","method":"GET","path":"/verify-otp","query":{"to":"manojgowdabr89@gmail.com","otp":"266073"},"status":200,"duration":"2ms","userAgent":"PostmanRuntime/7.43.0","ip":"::1","owner":"Skoegle"}
{"timestamp":"2025-02-18T04:01:12.215Z","method":"GET","path":"/send-custom-mail","query":{"to":"manojgowdabr89@gmail.com"},"status":404,"duration":"7ms","userAgent":"PostmanRuntime/7.43.0","ip":"::1","owner":"anonymous"}
{"timestamp":"2025-02-18T04:01:19.319Z","method":"POST","path":"/send-custom-mail","query":{"to":"manojgowdabr89@gmail.com"},"status":401,"duration":"2ms","userAgent":"PostmanRuntime/7.43.0","ip":"::1","owner":"anonymous"}
{"timestamp":"2025-02-18T04:01:26.947Z","method":"POST","path":"/send-custom-mail","query":{"to":"manojgowdabr89@gmail.com"},"status":200,"duration":"1225ms","userAgent":"PostmanRuntime/7.43.0","ip":"::1","owner":"Skoegle"}
{"timestamp":"2025-02-18T05:03:23.508Z","method":"GET","path":"/send-otp","query":{"to":"manojgowdabr89@gmail.com"},"status":401,"duration":"6ms","userAgent":"PostmanRuntime/7.43.0","ip":"::1","owner":"anonymous"}
{"timestamp":"2025-02-18T05:03:36.353Z","method":"GET","path":"/send-otp","query":{"to":"manojgowdabr89@gmail.com"},"status":200,"duration":"1527ms","userAgent":"PostmanRuntime/7.43.0","ip":"::1","owner":"Skoegle"}
